<?xml version="1.0" encoding="UTF-8"?>
<!-- Generated by org.testng.reporters.JUnitReportReporter -->
<testsuite skipped="0" hostname="PUNIND000314" name="com.vaultCheck.test.VaultCheckTest" tests="1" failures="0" timestamp="26 Jul 2019 09:54:16 GMT" time="23.965" errors="0">
  <testcase name="checkIndividualVaults" time="23.965" classname="com.vaultCheck.test.VaultCheckTest"/>
</testsuite> <!-- com.vaultCheck.test.VaultCheckTest -->
